{"C:\\Users\\user\\Desktop\\blogManagement\\src\\server.ts": {"path":"C:\\Users\\user\\Desktop\\blogManagement\\src\\server.ts","statementMap":{"0":{"start":{"line":11,"column":0},"end":{"line":11,"column":9}},"1":{"start":{"line":13,"column":12},"end":{"line":13,"column":21}},"2":{"start":{"line":16,"column":0},"end":{"line":16,"column":18}},"3":{"start":{"line":18,"column":0},"end":{"line":21,"column":4}},"4":{"start":{"line":23,"column":0},"end":{"line":23,"column":24}},"5":{"start":{"line":25,"column":0},"end":{"line":25,"column":80}},"6":{"start":{"line":27,"column":0},"end":{"line":27,"column":17}},"7":{"start":{"line":30,"column":0},"end":{"line":36,"column":3}},"8":{"start":{"line":31,"column":2},"end":{"line":35,"column":5}},"9":{"start":{"line":38,"column":13},"end":{"line":38,"column":57}},"10":{"start":{"line":40,"column":0},"end":{"line":40,"column":37}},"11":{"start":{"line":42,"column":0},"end":{"line":48,"column":5}},"12":{"start":{"line":43,"column":4},"end":{"line":45,"column":7}},"13":{"start":{"line":44,"column":6},"end":{"line":44,"column":52}},"14":{"start":{"line":47,"column":4},"end":{"line":47,"column":56}}},"fnMap":{"0":{"name":"(anonymous_0)","decl":{"start":{"line":30,"column":8},"end":{"line":30,"column":9}},"loc":{"start":{"line":30,"column":22},"end":{"line":36,"column":1}},"line":30},"1":{"name":"(anonymous_1)","decl":{"start":{"line":42,"column":38},"end":{"line":42,"column":39}},"loc":{"start":{"line":42,"column":44},"end":{"line":46,"column":3}},"line":42},"2":{"name":"(anonymous_2)","decl":{"start":{"line":43,"column":21},"end":{"line":43,"column":22}},"loc":{"start":{"line":43,"column":27},"end":{"line":45,"column":5}},"line":43},"3":{"name":"(anonymous_3)","decl":{"start":{"line":46,"column":11},"end":{"line":46,"column":12}},"loc":{"start":{"line":46,"column":22},"end":{"line":48,"column":3}},"line":46}},"branchMap":{"0":{"loc":{"start":{"line":38,"column":13},"end":{"line":38,"column":57}},"type":"binary-expr","locations":[{"start":{"line":38,"column":13},"end":{"line":38,"column":49}},{"start":{"line":38,"column":53},"end":{"line":38,"column":57}}],"line":38}},"s":{"0":3,"1":3,"2":3,"3":3,"4":3,"5":3,"6":3,"7":3,"8":2,"9":3,"10":3,"11":3,"12":3,"13":3,"14":0},"f":{"0":2,"1":3,"2":3,"3":0},"b":{"0":[3,0]},"_coverageSchema":"1a1c01bbd47fc00a2c39e90264f33305004495a9","hash":"ed4205643f0a67741bb52dee9699bd2be4dc0ca3"}
,"C:\\Users\\user\\Desktop\\blogManagement\\src\\config\\config.js": {"path":"C:\\Users\\user\\Desktop\\blogManagement\\src\\config\\config.js","statementMap":{"0":{"start":{"line":1,"column":15},"end":{"line":1,"column":32}},"1":{"start":{"line":2,"column":0},"end":{"line":2,"column":16}},"2":{"start":{"line":3,"column":16},"end":{"line":9,"column":1}},"3":{"start":{"line":4,"column":14},"end":{"line":4,"column":29}},"4":{"start":{"line":5,"column":2},"end":{"line":7,"column":3}},"5":{"start":{"line":6,"column":4},"end":{"line":6,"column":21}},"6":{"start":{"line":8,"column":2},"end":{"line":8,"column":12}},"7":{"start":{"line":11,"column":23},"end":{"line":23,"column":1}},"8":{"start":{"line":12,"column":14},"end":{"line":12,"column":25}},"9":{"start":{"line":14,"column":2},"end":{"line":22,"column":3}},"10":{"start":{"line":25,"column":0},"end":{"line":25,"column":31}}},"fnMap":{"0":{"name":"(anonymous_0)","decl":{"start":{"line":3,"column":16},"end":{"line":3,"column":17}},"loc":{"start":{"line":3,"column":22},"end":{"line":9,"column":1}},"line":3},"1":{"name":"(anonymous_1)","decl":{"start":{"line":11,"column":23},"end":{"line":11,"column":24}},"loc":{"start":{"line":11,"column":29},"end":{"line":23,"column":1}},"line":11}},"branchMap":{"0":{"loc":{"start":{"line":5,"column":2},"end":{"line":7,"column":3}},"type":"if","locations":[{"start":{"line":5,"column":2},"end":{"line":7,"column":3}},{"start":{},"end":{}}],"line":5},"1":{"loc":{"start":{"line":15,"column":14},"end":{"line":15,"column":45}},"type":"binary-expr","locations":[{"start":{"line":15,"column":14},"end":{"line":15,"column":39}},{"start":{"line":15,"column":43},"end":{"line":15,"column":45}}],"line":15},"2":{"loc":{"start":{"line":16,"column":14},"end":{"line":16,"column":49}},"type":"binary-expr","locations":[{"start":{"line":16,"column":14},"end":{"line":16,"column":43}},{"start":{"line":16,"column":47},"end":{"line":16,"column":49}}],"line":16},"3":{"loc":{"start":{"line":17,"column":14},"end":{"line":17,"column":49}},"type":"binary-expr","locations":[{"start":{"line":17,"column":14},"end":{"line":17,"column":43}},{"start":{"line":17,"column":47},"end":{"line":17,"column":49}}],"line":17},"4":{"loc":{"start":{"line":18,"column":10},"end":{"line":18,"column":41}},"type":"binary-expr","locations":[{"start":{"line":18,"column":10},"end":{"line":18,"column":35}},{"start":{"line":18,"column":39},"end":{"line":18,"column":41}}],"line":18},"5":{"loc":{"start":{"line":19,"column":10},"end":{"line":19,"column":43}},"type":"binary-expr","locations":[{"start":{"line":19,"column":10},"end":{"line":19,"column":35}},{"start":{"line":19,"column":39},"end":{"line":19,"column":43}}],"line":19}},"s":{"0":3,"1":3,"2":3,"3":6,"4":6,"5":0,"6":6,"7":3,"8":6,"9":6,"10":3},"f":{"0":6,"1":6},"b":{"0":[0,6],"1":[6,0],"2":[6,0],"3":[6,0],"4":[6,0],"5":[6,0]},"_coverageSchema":"1a1c01bbd47fc00a2c39e90264f33305004495a9","hash":"10f76ab0e683d2937f3619d9b9a06cf5578a7261"}
,"C:\\Users\\user\\Desktop\\blogManagement\\src\\controller\\blogController.ts": {"path":"C:\\Users\\user\\Desktop\\blogManagement\\src\\controller\\blogController.ts","statementMap":{"0":{"start":{"line":14,"column":27},"end":{"line":78,"column":1}},"1":{"start":{"line":15,"column":4},"end":{"line":77,"column":5}},"2":{"start":{"line":17,"column":22},"end":{"line":48,"column":10}},"3":{"start":{"line":50,"column":8},"end":{"line":58,"column":9}},"4":{"start":{"line":51,"column":12},"end":{"line":57,"column":15}},"5":{"start":{"line":60,"column":8},"end":{"line":66,"column":11}},"6":{"start":{"line":68,"column":35},"end":{"line":68,"column":47}},"7":{"start":{"line":69,"column":8},"end":{"line":69,"column":70}},"8":{"start":{"line":71,"column":8},"end":{"line":76,"column":11}},"9":{"start":{"line":80,"column":23},"end":{"line":143,"column":1}},"10":{"start":{"line":81,"column":4},"end":{"line":142,"column":5}},"11":{"start":{"line":82,"column":21},"end":{"line":113,"column":10}},"12":{"start":{"line":115,"column":8},"end":{"line":123,"column":9}},"13":{"start":{"line":116,"column":12},"end":{"line":122,"column":15}},"14":{"start":{"line":125,"column":8},"end":{"line":131,"column":11}},"15":{"start":{"line":133,"column":35},"end":{"line":133,"column":47}},"16":{"start":{"line":134,"column":8},"end":{"line":134,"column":65}},"17":{"start":{"line":136,"column":8},"end":{"line":141,"column":11}},"18":{"start":{"line":145,"column":26},"end":{"line":211,"column":1}},"19":{"start":{"line":146,"column":4},"end":{"line":210,"column":5}},"20":{"start":{"line":147,"column":25},"end":{"line":147,"column":28}},"21":{"start":{"line":149,"column":19},"end":{"line":149,"column":42}},"22":{"start":{"line":150,"column":23},"end":{"line":150,"column":55}},"23":{"start":{"line":152,"column":61},"end":{"line":152,"column":69}},"24":{"start":{"line":154,"column":32},"end":{"line":154,"column":34}},"25":{"start":{"line":156,"column":8},"end":{"line":169,"column":9}},"26":{"start":{"line":157,"column":12},"end":{"line":168,"column":13}},"27":{"start":{"line":158,"column":14},"end":{"line":158,"column":72}},"28":{"start":{"line":160,"column":41},"end":{"line":160,"column":53}},"29":{"start":{"line":161,"column":14},"end":{"line":161,"column":76}},"30":{"start":{"line":162,"column":14},"end":{"line":167,"column":17}},"31":{"start":{"line":170,"column":21},"end":{"line":170,"column":40}},"32":{"start":{"line":171,"column":29},"end":{"line":171,"column":77}},"33":{"start":{"line":172,"column":8},"end":{"line":180,"column":9}},"34":{"start":{"line":173,"column":12},"end":{"line":179,"column":15}},"35":{"start":{"line":182,"column":24},"end":{"line":190,"column":10}},"36":{"start":{"line":192,"column":8},"end":{"line":199,"column":11}},"37":{"start":{"line":201,"column":35},"end":{"line":201,"column":47}},"38":{"start":{"line":202,"column":8},"end":{"line":202,"column":66}},"39":{"start":{"line":204,"column":8},"end":{"line":209,"column":11}},"40":{"start":{"line":213,"column":26},"end":{"line":249,"column":1}},"41":{"start":{"line":214,"column":4},"end":{"line":248,"column":5}},"42":{"start":{"line":215,"column":31},"end":{"line":217,"column":10}},"43":{"start":{"line":219,"column":8},"end":{"line":227,"column":9}},"44":{"start":{"line":220,"column":12},"end":{"line":226,"column":15}},"45":{"start":{"line":229,"column":27},"end":{"line":229,"column":70}},"46":{"start":{"line":231,"column":8},"end":{"line":237,"column":11}},"47":{"start":{"line":239,"column":35},"end":{"line":239,"column":47}},"48":{"start":{"line":240,"column":8},"end":{"line":240,"column":66}},"49":{"start":{"line":242,"column":8},"end":{"line":247,"column":11}},"50":{"start":{"line":251,"column":26},"end":{"line":287,"column":1}},"51":{"start":{"line":252,"column":4},"end":{"line":286,"column":5}},"52":{"start":{"line":253,"column":21},"end":{"line":253,"column":64}},"53":{"start":{"line":255,"column":8},"end":{"line":263,"column":9}},"54":{"start":{"line":256,"column":12},"end":{"line":262,"column":15}},"55":{"start":{"line":265,"column":8},"end":{"line":267,"column":11}},"56":{"start":{"line":269,"column":8},"end":{"line":275,"column":11}},"57":{"start":{"line":277,"column":35},"end":{"line":277,"column":47}},"58":{"start":{"line":278,"column":8},"end":{"line":278,"column":66}},"59":{"start":{"line":280,"column":8},"end":{"line":285,"column":11}}},"fnMap":{"0":{"name":"(anonymous_0)","decl":{"start":{"line":14,"column":27},"end":{"line":14,"column":28}},"loc":{"start":{"line":14,"column":66},"end":{"line":78,"column":1}},"line":14},"1":{"name":"(anonymous_1)","decl":{"start":{"line":80,"column":23},"end":{"line":80,"column":24}},"loc":{"start":{"line":80,"column":62},"end":{"line":143,"column":1}},"line":80},"2":{"name":"(anonymous_2)","decl":{"start":{"line":145,"column":26},"end":{"line":145,"column":27}},"loc":{"start":{"line":145,"column":70},"end":{"line":211,"column":1}},"line":145},"3":{"name":"(anonymous_3)","decl":{"start":{"line":213,"column":26},"end":{"line":213,"column":27}},"loc":{"start":{"line":213,"column":65},"end":{"line":249,"column":1}},"line":213},"4":{"name":"(anonymous_4)","decl":{"start":{"line":251,"column":26},"end":{"line":251,"column":27}},"loc":{"start":{"line":251,"column":65},"end":{"line":287,"column":1}},"line":251}},"branchMap":{"0":{"loc":{"start":{"line":50,"column":8},"end":{"line":58,"column":9}},"type":"if","locations":[{"start":{"line":50,"column":8},"end":{"line":58,"column":9}},{"start":{},"end":{}}],"line":50},"1":{"loc":{"start":{"line":50,"column":12},"end":{"line":50,"column":40}},"type":"binary-expr","locations":[{"start":{"line":50,"column":12},"end":{"line":50,"column":18}},{"start":{"line":50,"column":22},"end":{"line":50,"column":40}}],"line":50},"2":{"loc":{"start":{"line":115,"column":8},"end":{"line":123,"column":9}},"type":"if","locations":[{"start":{"line":115,"column":8},"end":{"line":123,"column":9}},{"start":{},"end":{}}],"line":115},"3":{"loc":{"start":{"line":156,"column":8},"end":{"line":169,"column":9}},"type":"if","locations":[{"start":{"line":156,"column":8},"end":{"line":169,"column":9}},{"start":{},"end":{}}],"line":156},"4":{"loc":{"start":{"line":172,"column":8},"end":{"line":180,"column":9}},"type":"if","locations":[{"start":{"line":172,"column":8},"end":{"line":180,"column":9}},{"start":{},"end":{}}],"line":172},"5":{"loc":{"start":{"line":219,"column":8},"end":{"line":227,"column":9}},"type":"if","locations":[{"start":{"line":219,"column":8},"end":{"line":227,"column":9}},{"start":{},"end":{}}],"line":219},"6":{"loc":{"start":{"line":255,"column":8},"end":{"line":263,"column":9}},"type":"if","locations":[{"start":{"line":255,"column":8},"end":{"line":263,"column":9}},{"start":{},"end":{}}],"line":255}},"s":{"0":3,"1":0,"2":0,"3":0,"4":0,"5":0,"6":0,"7":0,"8":0,"9":3,"10":0,"11":0,"12":0,"13":0,"14":0,"15":0,"16":0,"17":0,"18":3,"19":0,"20":0,"21":0,"22":0,"23":0,"24":0,"25":0,"26":0,"27":0,"28":0,"29":0,"30":0,"31":0,"32":0,"33":0,"34":0,"35":0,"36":0,"37":0,"38":0,"39":0,"40":3,"41":0,"42":0,"43":0,"44":0,"45":0,"46":0,"47":0,"48":0,"49":0,"50":3,"51":0,"52":0,"53":0,"54":0,"55":0,"56":0,"57":0,"58":0,"59":0},"f":{"0":0,"1":0,"2":0,"3":0,"4":0},"b":{"0":[0,0],"1":[0,0],"2":[0,0],"3":[0,0],"4":[0,0],"5":[0,0],"6":[0,0]},"_coverageSchema":"1a1c01bbd47fc00a2c39e90264f33305004495a9","hash":"2216ac55c66bc8fc63eb9b46312c06c3f9087c7d"}
,"C:\\Users\\user\\Desktop\\blogManagement\\src\\controller\\commentController.ts": {"path":"C:\\Users\\user\\Desktop\\blogManagement\\src\\controller\\commentController.ts","statementMap":{"0":{"start":{"line":11,"column":30},"end":{"line":42,"column":1}},"1":{"start":{"line":12,"column":4},"end":{"line":41,"column":5}},"2":{"start":{"line":13,"column":25},"end":{"line":13,"column":59}},"3":{"start":{"line":15,"column":8},"end":{"line":23,"column":9}},"4":{"start":{"line":16,"column":12},"end":{"line":22,"column":15}},"5":{"start":{"line":25,"column":8},"end":{"line":31,"column":11}},"6":{"start":{"line":34,"column":35},"end":{"line":34,"column":49}},"7":{"start":{"line":35,"column":8},"end":{"line":40,"column":11}},"8":{"start":{"line":44,"column":26},"end":{"line":97,"column":1}},"9":{"start":{"line":45,"column":4},"end":{"line":96,"column":5}},"10":{"start":{"line":46,"column":23},"end":{"line":46,"column":36}},"11":{"start":{"line":47,"column":28},"end":{"line":47,"column":36}},"12":{"start":{"line":48,"column":19},"end":{"line":48,"column":42}},"13":{"start":{"line":49,"column":21},"end":{"line":49,"column":53}},"14":{"start":{"line":51,"column":21},"end":{"line":51,"column":57}},"15":{"start":{"line":52,"column":8},"end":{"line":60,"column":9}},"16":{"start":{"line":53,"column":12},"end":{"line":59,"column":15}},"17":{"start":{"line":62,"column":8},"end":{"line":70,"column":9}},"18":{"start":{"line":63,"column":12},"end":{"line":69,"column":15}},"19":{"start":{"line":72,"column":27},"end":{"line":77,"column":10}},"20":{"start":{"line":79,"column":8},"end":{"line":85,"column":11}},"21":{"start":{"line":87,"column":35},"end":{"line":87,"column":49}},"22":{"start":{"line":88,"column":8},"end":{"line":88,"column":65}},"23":{"start":{"line":89,"column":8},"end":{"line":94,"column":11}}},"fnMap":{"0":{"name":"(anonymous_0)","decl":{"start":{"line":11,"column":30},"end":{"line":11,"column":31}},"loc":{"start":{"line":11,"column":69},"end":{"line":42,"column":1}},"line":11},"1":{"name":"(anonymous_1)","decl":{"start":{"line":44,"column":26},"end":{"line":44,"column":27}},"loc":{"start":{"line":44,"column":73},"end":{"line":97,"column":1}},"line":44}},"branchMap":{"0":{"loc":{"start":{"line":15,"column":8},"end":{"line":23,"column":9}},"type":"if","locations":[{"start":{"line":15,"column":8},"end":{"line":23,"column":9}},{"start":{},"end":{}}],"line":15},"1":{"loc":{"start":{"line":15,"column":12},"end":{"line":15,"column":46}},"type":"binary-expr","locations":[{"start":{"line":15,"column":12},"end":{"line":15,"column":21}},{"start":{"line":15,"column":25},"end":{"line":15,"column":46}}],"line":15},"2":{"loc":{"start":{"line":52,"column":8},"end":{"line":60,"column":9}},"type":"if","locations":[{"start":{"line":52,"column":8},"end":{"line":60,"column":9}},{"start":{},"end":{}}],"line":52},"3":{"loc":{"start":{"line":62,"column":8},"end":{"line":70,"column":9}},"type":"if","locations":[{"start":{"line":62,"column":8},"end":{"line":70,"column":9}},{"start":{},"end":{}}],"line":62}},"s":{"0":3,"1":0,"2":0,"3":0,"4":0,"5":0,"6":0,"7":0,"8":3,"9":0,"10":0,"11":0,"12":0,"13":0,"14":0,"15":0,"16":0,"17":0,"18":0,"19":0,"20":0,"21":0,"22":0,"23":0},"f":{"0":0,"1":0},"b":{"0":[0,0],"1":[0,0],"2":[0,0],"3":[0,0]},"_coverageSchema":"1a1c01bbd47fc00a2c39e90264f33305004495a9","hash":"72e642415737ec591787e43500e9be12b8e35a4a"}
,"C:\\Users\\user\\Desktop\\blogManagement\\src\\controller\\userController.ts": {"path":"C:\\Users\\user\\Desktop\\blogManagement\\src\\controller\\userController.ts","statementMap":{"0":{"start":{"line":18,"column":23},"end":{"line":57,"column":1}},"1":{"start":{"line":19,"column":4},"end":{"line":56,"column":5}},"2":{"start":{"line":20,"column":50},"end":{"line":20,"column":58}},"3":{"start":{"line":22,"column":27},"end":{"line":22,"column":76}},"4":{"start":{"line":23,"column":8},"end":{"line":31,"column":9}},"5":{"start":{"line":24,"column":12},"end":{"line":30,"column":15}},"6":{"start":{"line":33,"column":24},"end":{"line":38,"column":10}},"7":{"start":{"line":39,"column":8},"end":{"line":45,"column":11}},"8":{"start":{"line":47,"column":35},"end":{"line":47,"column":47}},"9":{"start":{"line":48,"column":8},"end":{"line":48,"column":66}},"10":{"start":{"line":50,"column":8},"end":{"line":55,"column":11}},"11":{"start":{"line":59,"column":25},"end":{"line":106,"column":1}},"12":{"start":{"line":60,"column":4},"end":{"line":105,"column":5}},"13":{"start":{"line":61,"column":36},"end":{"line":61,"column":44}},"14":{"start":{"line":64,"column":21},"end":{"line":64,"column":70}},"15":{"start":{"line":65,"column":8},"end":{"line":73,"column":9}},"16":{"start":{"line":66,"column":12},"end":{"line":72,"column":15}},"17":{"start":{"line":75,"column":30},"end":{"line":75,"column":76}},"18":{"start":{"line":76,"column":8},"end":{"line":84,"column":9}},"19":{"start":{"line":77,"column":12},"end":{"line":83,"column":15}},"20":{"start":{"line":86,"column":22},"end":{"line":86,"column":94}},"21":{"start":{"line":88,"column":8},"end":{"line":94,"column":11}},"22":{"start":{"line":96,"column":35},"end":{"line":96,"column":47}},"23":{"start":{"line":97,"column":8},"end":{"line":97,"column":68}},"24":{"start":{"line":99,"column":8},"end":{"line":104,"column":11}},"25":{"start":{"line":108,"column":26},"end":{"line":139,"column":1}},"26":{"start":{"line":109,"column":4},"end":{"line":138,"column":5}},"27":{"start":{"line":110,"column":22},"end":{"line":110,"column":31}},"28":{"start":{"line":112,"column":8},"end":{"line":120,"column":9}},"29":{"start":{"line":113,"column":12},"end":{"line":119,"column":15}},"30":{"start":{"line":121,"column":8},"end":{"line":121,"column":34}},"31":{"start":{"line":123,"column":8},"end":{"line":129,"column":11}},"32":{"start":{"line":131,"column":35},"end":{"line":131,"column":47}},"33":{"start":{"line":132,"column":8},"end":{"line":137,"column":11}}},"fnMap":{"0":{"name":"(anonymous_0)","decl":{"start":{"line":18,"column":23},"end":{"line":18,"column":24}},"loc":{"start":{"line":18,"column":71},"end":{"line":57,"column":1}},"line":18},"1":{"name":"(anonymous_1)","decl":{"start":{"line":59,"column":25},"end":{"line":59,"column":26}},"loc":{"start":{"line":59,"column":73},"end":{"line":106,"column":1}},"line":59},"2":{"name":"(anonymous_2)","decl":{"start":{"line":108,"column":26},"end":{"line":108,"column":27}},"loc":{"start":{"line":108,"column":70},"end":{"line":139,"column":1}},"line":108}},"branchMap":{"0":{"loc":{"start":{"line":23,"column":8},"end":{"line":31,"column":9}},"type":"if","locations":[{"start":{"line":23,"column":8},"end":{"line":31,"column":9}},{"start":{},"end":{}}],"line":23},"1":{"loc":{"start":{"line":65,"column":8},"end":{"line":73,"column":9}},"type":"if","locations":[{"start":{"line":65,"column":8},"end":{"line":73,"column":9}},{"start":{},"end":{}}],"line":65},"2":{"loc":{"start":{"line":76,"column":8},"end":{"line":84,"column":9}},"type":"if","locations":[{"start":{"line":76,"column":8},"end":{"line":84,"column":9}},{"start":{},"end":{}}],"line":76},"3":{"loc":{"start":{"line":112,"column":8},"end":{"line":120,"column":9}},"type":"if","locations":[{"start":{"line":112,"column":8},"end":{"line":120,"column":9}},{"start":{},"end":{}}],"line":112}},"s":{"0":3,"1":2,"2":2,"3":2,"4":2,"5":1,"6":1,"7":1,"8":0,"9":0,"10":0,"11":3,"12":10,"13":10,"14":10,"15":9,"16":9,"17":0,"18":0,"19":0,"20":0,"21":0,"22":1,"23":1,"24":1,"25":3,"26":0,"27":0,"28":0,"29":0,"30":0,"31":0,"32":0,"33":0},"f":{"0":2,"1":10,"2":0},"b":{"0":[1,1],"1":[9,0],"2":[0,0],"3":[0,0]},"_coverageSchema":"1a1c01bbd47fc00a2c39e90264f33305004495a9","hash":"770e11afdbc63295f1196c5bd0fed79c33a90f4f"}
,"C:\\Users\\user\\Desktop\\blogManagement\\src\\database\\index.ts": {"path":"C:\\Users\\user\\Desktop\\blogManagement\\src\\database\\index.ts","statementMap":{"0":{"start":{"line":12,"column":21},"end":{"line":24,"column":1}},"1":{"start":{"line":13,"column":22},"end":{"line":13,"column":57}},"2":{"start":{"line":14,"column":22},"end":{"line":18,"column":6}},"3":{"start":{"line":19,"column":4},"end":{"line":21,"column":6}},"4":{"start":{"line":20,"column":8},"end":{"line":20,"column":42}},"5":{"start":{"line":22,"column":4},"end":{"line":22,"column":20}},"6":{"start":{"line":26,"column":26},"end":{"line":26,"column":40}},"7":{"start":{"line":27,"column":15},"end":{"line":27,"column":42}},"8":{"start":{"line":35,"column":0},"end":{"line":35,"column":57}},"9":{"start":{"line":35,"column":27},"end":{"line":35,"column":57}},"10":{"start":{"line":36,"column":0},"end":{"line":36,"column":57}},"11":{"start":{"line":36,"column":27},"end":{"line":36,"column":57}},"12":{"start":{"line":37,"column":0},"end":{"line":37,"column":63}},"13":{"start":{"line":37,"column":30},"end":{"line":37,"column":63}},"14":{"start":{"line":38,"column":0},"end":{"line":38,"column":57}},"15":{"start":{"line":38,"column":27},"end":{"line":38,"column":57}},"16":{"start":{"line":40,"column":24},"end":{"line":40,"column":66}}},"fnMap":{"0":{"name":"(anonymous_0)","decl":{"start":{"line":12,"column":21},"end":{"line":12,"column":22}},"loc":{"start":{"line":12,"column":27},"end":{"line":24,"column":1}},"line":12},"1":{"name":"(anonymous_1)","decl":{"start":{"line":19,"column":34},"end":{"line":19,"column":35}},"loc":{"start":{"line":19,"column":40},"end":{"line":21,"column":5}},"line":19}},"branchMap":{"0":{"loc":{"start":{"line":35,"column":0},"end":{"line":35,"column":57}},"type":"if","locations":[{"start":{"line":35,"column":0},"end":{"line":35,"column":57}},{"start":{},"end":{}}],"line":35},"1":{"loc":{"start":{"line":36,"column":0},"end":{"line":36,"column":57}},"type":"if","locations":[{"start":{"line":36,"column":0},"end":{"line":36,"column":57}},{"start":{},"end":{}}],"line":36},"2":{"loc":{"start":{"line":37,"column":0},"end":{"line":37,"column":63}},"type":"if","locations":[{"start":{"line":37,"column":0},"end":{"line":37,"column":63}},{"start":{},"end":{}}],"line":37},"3":{"loc":{"start":{"line":38,"column":0},"end":{"line":38,"column":57}},"type":"if","locations":[{"start":{"line":38,"column":0},"end":{"line":38,"column":57}},{"start":{},"end":{}}],"line":38}},"s":{"0":3,"1":3,"2":3,"3":3,"4":3,"5":3,"6":3,"7":3,"8":3,"9":3,"10":3,"11":3,"12":3,"13":3,"14":3,"15":3,"16":3},"f":{"0":3,"1":3},"b":{"0":[3,0],"1":[3,0],"2":[3,0],"3":[3,0]},"_coverageSchema":"1a1c01bbd47fc00a2c39e90264f33305004495a9","hash":"4a3c85a98300008c373bfe9c17c9272a3325204b"}
,"C:\\Users\\user\\Desktop\\blogManagement\\src\\database\\models\\Blog.ts": {"path":"C:\\Users\\user\\Desktop\\blogManagement\\src\\database\\models\\Blog.ts","statementMap":{"0":{"start":{"line":42,"column":8},"end":{"line":45,"column":11}},"1":{"start":{"line":47,"column":8},"end":{"line":50,"column":11}},"2":{"start":{"line":52,"column":8},"end":{"line":55,"column":11}},"3":{"start":{"line":59,"column":23},"end":{"line":59,"column":52}},"4":{"start":{"line":60,"column":8},"end":{"line":60,"column":22}},"5":{"start":{"line":64,"column":25},"end":{"line":113,"column":1}},"6":{"start":{"line":65,"column":4},"end":{"line":110,"column":7}},"7":{"start":{"line":112,"column":4},"end":{"line":112,"column":16}}},"fnMap":{"0":{"name":"(anonymous_0)","decl":{"start":{"line":41,"column":4},"end":{"line":41,"column":5}},"loc":{"start":{"line":41,"column":96},"end":{"line":56,"column":5}},"line":41},"1":{"name":"(anonymous_1)","decl":{"start":{"line":58,"column":4},"end":{"line":58,"column":5}},"loc":{"start":{"line":58,"column":44},"end":{"line":61,"column":5}},"line":58},"2":{"name":"(anonymous_2)","decl":{"start":{"line":64,"column":25},"end":{"line":64,"column":26}},"loc":{"start":{"line":64,"column":51},"end":{"line":113,"column":1}},"line":64}},"branchMap":{},"s":{"0":3,"1":3,"2":3,"3":0,"4":0,"5":3,"6":3,"7":3},"f":{"0":3,"1":0,"2":3},"b":{},"_coverageSchema":"1a1c01bbd47fc00a2c39e90264f33305004495a9","hash":"fb89f24e06736ed9bdb2cd36b70c2565751a1ecc"}
,"C:\\Users\\user\\Desktop\\blogManagement\\src\\database\\models\\Comment.ts": {"path":"C:\\Users\\user\\Desktop\\blogManagement\\src\\database\\models\\Comment.ts","statementMap":{"0":{"start":{"line":27,"column":8},"end":{"line":30,"column":11}},"1":{"start":{"line":32,"column":8},"end":{"line":35,"column":11}},"2":{"start":{"line":39,"column":23},"end":{"line":39,"column":52}},"3":{"start":{"line":40,"column":8},"end":{"line":40,"column":22}},"4":{"start":{"line":44,"column":28},"end":{"line":80,"column":1}},"5":{"start":{"line":45,"column":4},"end":{"line":77,"column":7}},"6":{"start":{"line":79,"column":4},"end":{"line":79,"column":19}}},"fnMap":{"0":{"name":"(anonymous_0)","decl":{"start":{"line":26,"column":4},"end":{"line":26,"column":5}},"loc":{"start":{"line":26,"column":34},"end":{"line":36,"column":5}},"line":26},"1":{"name":"(anonymous_1)","decl":{"start":{"line":38,"column":4},"end":{"line":38,"column":5}},"loc":{"start":{"line":38,"column":47},"end":{"line":41,"column":5}},"line":38},"2":{"name":"(anonymous_2)","decl":{"start":{"line":44,"column":28},"end":{"line":44,"column":29}},"loc":{"start":{"line":44,"column":54},"end":{"line":80,"column":1}},"line":44}},"branchMap":{},"s":{"0":3,"1":3,"2":0,"3":0,"4":3,"5":3,"6":3},"f":{"0":3,"1":0,"2":3},"b":{},"_coverageSchema":"1a1c01bbd47fc00a2c39e90264f33305004495a9","hash":"cd5f9eccb4896f0ddef050081147ad7285d927f4"}
,"C:\\Users\\user\\Desktop\\blogManagement\\src\\database\\models\\Like.ts": {"path":"C:\\Users\\user\\Desktop\\blogManagement\\src\\database\\models\\Like.ts","statementMap":{"0":{"start":{"line":23,"column":8},"end":{"line":26,"column":11}},"1":{"start":{"line":28,"column":8},"end":{"line":31,"column":11}},"2":{"start":{"line":35,"column":23},"end":{"line":35,"column":52}},"3":{"start":{"line":36,"column":8},"end":{"line":36,"column":22}},"4":{"start":{"line":40,"column":25},"end":{"line":78,"column":1}},"5":{"start":{"line":41,"column":4},"end":{"line":75,"column":7}},"6":{"start":{"line":77,"column":4},"end":{"line":77,"column":16}}},"fnMap":{"0":{"name":"(anonymous_0)","decl":{"start":{"line":22,"column":4},"end":{"line":22,"column":5}},"loc":{"start":{"line":22,"column":34},"end":{"line":32,"column":5}},"line":22},"1":{"name":"(anonymous_1)","decl":{"start":{"line":34,"column":4},"end":{"line":34,"column":5}},"loc":{"start":{"line":34,"column":44},"end":{"line":37,"column":5}},"line":34},"2":{"name":"(anonymous_2)","decl":{"start":{"line":40,"column":25},"end":{"line":40,"column":26}},"loc":{"start":{"line":40,"column":51},"end":{"line":78,"column":1}},"line":40}},"branchMap":{},"s":{"0":3,"1":3,"2":0,"3":0,"4":3,"5":3,"6":3},"f":{"0":3,"1":0,"2":3},"b":{},"_coverageSchema":"1a1c01bbd47fc00a2c39e90264f33305004495a9","hash":"93099d07e2bc1858603a4d6cb7754402a073771b"}
,"C:\\Users\\user\\Desktop\\blogManagement\\src\\database\\models\\User.ts": {"path":"C:\\Users\\user\\Desktop\\blogManagement\\src\\database\\models\\User.ts","statementMap":{"0":{"start":{"line":36,"column":29},"end":{"line":36,"column":33}},"1":{"start":{"line":37,"column":29},"end":{"line":37,"column":37}},"2":{"start":{"line":44,"column":8},"end":{"line":47,"column":11}},"3":{"start":{"line":49,"column":8},"end":{"line":52,"column":11}},"4":{"start":{"line":54,"column":8},"end":{"line":57,"column":11}},"5":{"start":{"line":61,"column":8},"end":{"line":70,"column":9}},"6":{"start":{"line":74,"column":25},"end":{"line":126,"column":1}},"7":{"start":{"line":75,"column":4},"end":{"line":124,"column":6}},"8":{"start":{"line":125,"column":4},"end":{"line":125,"column":15}}},"fnMap":{"0":{"name":"(anonymous_0)","decl":{"start":{"line":43,"column":4},"end":{"line":43,"column":5}},"loc":{"start":{"line":43,"column":34},"end":{"line":58,"column":5}},"line":43},"1":{"name":"(anonymous_1)","decl":{"start":{"line":60,"column":4},"end":{"line":60,"column":5}},"loc":{"start":{"line":60,"column":44},"end":{"line":71,"column":5}},"line":60},"2":{"name":"(anonymous_2)","decl":{"start":{"line":74,"column":25},"end":{"line":74,"column":26}},"loc":{"start":{"line":74,"column":51},"end":{"line":126,"column":1}},"line":74}},"branchMap":{},"s":{"0":2,"1":2,"2":3,"3":3,"4":3,"5":1,"6":3,"7":3,"8":3},"f":{"0":3,"1":1,"2":3},"b":{},"_coverageSchema":"1a1c01bbd47fc00a2c39e90264f33305004495a9","hash":"58dced69ab5ad76d657c716c81f1fc83e622476b"}
,"C:\\Users\\user\\Desktop\\blogManagement\\src\\database\\models\\index.ts": {"path":"C:\\Users\\user\\Desktop\\blogManagement\\src\\database\\models\\index.ts","statementMap":{"0":{"start":{"line":12,"column":24},"end":{"line":19,"column":1}},"1":{"start":{"line":13,"column":4},"end":{"line":18,"column":5}}},"fnMap":{"0":{"name":"(anonymous_0)","decl":{"start":{"line":12,"column":24},"end":{"line":12,"column":25}},"loc":{"start":{"line":12,"column":58},"end":{"line":19,"column":1}},"line":12}},"branchMap":{},"s":{"0":3,"1":3},"f":{"0":3},"b":{},"_coverageSchema":"1a1c01bbd47fc00a2c39e90264f33305004495a9","hash":"bf9dddc80adea79df4609de75b6c2c40d9e3e546"}
,"C:\\Users\\user\\Desktop\\blogManagement\\src\\middleware\\authMiddleware.ts": {"path":"C:\\Users\\user\\Desktop\\blogManagement\\src\\middleware\\authMiddleware.ts","statementMap":{"0":{"start":{"line":18,"column":30},"end":{"line":56,"column":1}},"1":{"start":{"line":19,"column":4},"end":{"line":55,"column":5}},"2":{"start":{"line":20,"column":22},"end":{"line":20,"column":62}},"3":{"start":{"line":21,"column":8},"end":{"line":29,"column":9}},"4":{"start":{"line":22,"column":12},"end":{"line":28,"column":15}},"5":{"start":{"line":31,"column":21},"end":{"line":31,"column":65}},"6":{"start":{"line":32,"column":8},"end":{"line":40,"column":9}},"7":{"start":{"line":33,"column":12},"end":{"line":39,"column":15}},"8":{"start":{"line":42,"column":8},"end":{"line":42,"column":24}},"9":{"start":{"line":43,"column":8},"end":{"line":43,"column":26}},"10":{"start":{"line":44,"column":8},"end":{"line":44,"column":15}},"11":{"start":{"line":47,"column":35},"end":{"line":47,"column":49}},"12":{"start":{"line":48,"column":8},"end":{"line":54,"column":11}},"13":{"start":{"line":58,"column":25},"end":{"line":84,"column":1}},"14":{"start":{"line":59,"column":4},"end":{"line":83,"column":6}},"15":{"start":{"line":60,"column":8},"end":{"line":82,"column":9}},"16":{"start":{"line":61,"column":25},"end":{"line":61,"column":33}},"17":{"start":{"line":63,"column":12},"end":{"line":71,"column":13}},"18":{"start":{"line":64,"column":16},"end":{"line":70,"column":19}},"19":{"start":{"line":73,"column":12},"end":{"line":73,"column":19}},"20":{"start":{"line":75,"column":39},"end":{"line":75,"column":53}},"21":{"start":{"line":76,"column":12},"end":{"line":81,"column":15}}},"fnMap":{"0":{"name":"(anonymous_0)","decl":{"start":{"line":18,"column":30},"end":{"line":18,"column":31}},"loc":{"start":{"line":18,"column":94},"end":{"line":56,"column":1}},"line":18},"1":{"name":"(anonymous_1)","decl":{"start":{"line":58,"column":25},"end":{"line":58,"column":26}},"loc":{"start":{"line":58,"column":53},"end":{"line":84,"column":1}},"line":58},"2":{"name":"(anonymous_2)","decl":{"start":{"line":59,"column":11},"end":{"line":59,"column":12}},"loc":{"start":{"line":59,"column":69},"end":{"line":83,"column":5}},"line":59}},"branchMap":{"0":{"loc":{"start":{"line":21,"column":8},"end":{"line":29,"column":9}},"type":"if","locations":[{"start":{"line":21,"column":8},"end":{"line":29,"column":9}},{"start":{},"end":{}}],"line":21},"1":{"loc":{"start":{"line":32,"column":8},"end":{"line":40,"column":9}},"type":"if","locations":[{"start":{"line":32,"column":8},"end":{"line":40,"column":9}},{"start":{},"end":{}}],"line":32},"2":{"loc":{"start":{"line":63,"column":12},"end":{"line":71,"column":13}},"type":"if","locations":[{"start":{"line":63,"column":12},"end":{"line":71,"column":13}},{"start":{},"end":{}}],"line":63},"3":{"loc":{"start":{"line":63,"column":16},"end":{"line":63,"column":58}},"type":"binary-expr","locations":[{"start":{"line":63,"column":16},"end":{"line":63,"column":21}},{"start":{"line":63,"column":25},"end":{"line":63,"column":58}}],"line":63}},"s":{"0":3,"1":5,"2":5,"3":5,"4":0,"5":5,"6":5,"7":5,"8":0,"9":0,"10":0,"11":0,"12":0,"13":3,"14":9,"15":0,"16":0,"17":0,"18":0,"19":0,"20":0,"21":0},"f":{"0":5,"1":9,"2":0},"b":{"0":[0,5],"1":[5,0],"2":[0,0],"3":[0,0]},"_coverageSchema":"1a1c01bbd47fc00a2c39e90264f33305004495a9","hash":"300ab625cdbc1dba0e4a2670f0c9ed1d7684b39a"}
,"C:\\Users\\user\\Desktop\\blogManagement\\src\\middleware\\outhMiddleware.ts": {"path":"C:\\Users\\user\\Desktop\\blogManagement\\src\\middleware\\outhMiddleware.ts","statementMap":{"0":{"start":{"line":11,"column":34},"end":{"line":51,"column":1}},"1":{"start":{"line":12,"column":4},"end":{"line":50,"column":5}},"2":{"start":{"line":13,"column":21},"end":{"line":13,"column":36}},"3":{"start":{"line":15,"column":8},"end":{"line":23,"column":9}},"4":{"start":{"line":16,"column":12},"end":{"line":22,"column":15}},"5":{"start":{"line":25,"column":22},"end":{"line":29,"column":10}},"6":{"start":{"line":31,"column":8},"end":{"line":31,"column":26}},"7":{"start":{"line":32,"column":8},"end":{"line":39,"column":10}},"8":{"start":{"line":41,"column":8},"end":{"line":41,"column":15}},"9":{"start":{"line":43,"column":35},"end":{"line":43,"column":49}},"10":{"start":{"line":44,"column":8},"end":{"line":49,"column":11}},"11":{"start":{"line":53,"column":31},"end":{"line":89,"column":1}},"12":{"start":{"line":54,"column":4},"end":{"line":88,"column":5}},"13":{"start":{"line":55,"column":27},"end":{"line":57,"column":10}},"14":{"start":{"line":59,"column":8},"end":{"line":61,"column":9}},"15":{"start":{"line":60,"column":12},"end":{"line":60,"column":44}},"16":{"start":{"line":63,"column":8},"end":{"line":65,"column":11}},"17":{"start":{"line":67,"column":8},"end":{"line":73,"column":9}},"18":{"start":{"line":68,"column":12},"end":{"line":68,"column":47}},"19":{"start":{"line":69,"column":12},"end":{"line":69,"column":67}},"20":{"start":{"line":70,"column":12},"end":{"line":70,"column":45}},"21":{"start":{"line":71,"column":12},"end":{"line":71,"column":38}},"22":{"start":{"line":72,"column":12},"end":{"line":72,"column":44}},"23":{"start":{"line":75,"column":24},"end":{"line":83,"column":10}},"24":{"start":{"line":85,"column":8},"end":{"line":85,"column":35}},"25":{"start":{"line":87,"column":8},"end":{"line":87,"column":34}},"26":{"start":{"line":91,"column":35},"end":{"line":122,"column":1}},"27":{"start":{"line":92,"column":4},"end":{"line":121,"column":5}},"28":{"start":{"line":93,"column":22},"end":{"line":93,"column":31}},"29":{"start":{"line":94,"column":21},"end":{"line":94,"column":29}},"30":{"start":{"line":96,"column":8},"end":{"line":104,"column":9}},"31":{"start":{"line":97,"column":10},"end":{"line":103,"column":13}},"32":{"start":{"line":106,"column":8},"end":{"line":112,"column":11}},"33":{"start":{"line":114,"column":35},"end":{"line":114,"column":49}},"34":{"start":{"line":115,"column":8},"end":{"line":120,"column":11}}},"fnMap":{"0":{"name":"(anonymous_0)","decl":{"start":{"line":11,"column":34},"end":{"line":11,"column":35}},"loc":{"start":{"line":11,"column":98},"end":{"line":51,"column":1}},"line":11},"1":{"name":"(anonymous_1)","decl":{"start":{"line":53,"column":31},"end":{"line":53,"column":32}},"loc":{"start":{"line":53,"column":109},"end":{"line":89,"column":1}},"line":53},"2":{"name":"(anonymous_2)","decl":{"start":{"line":91,"column":35},"end":{"line":91,"column":36}},"loc":{"start":{"line":91,"column":93},"end":{"line":122,"column":1}},"line":91}},"branchMap":{"0":{"loc":{"start":{"line":15,"column":8},"end":{"line":23,"column":9}},"type":"if","locations":[{"start":{"line":15,"column":8},"end":{"line":23,"column":9}},{"start":{},"end":{}}],"line":15},"1":{"loc":{"start":{"line":59,"column":8},"end":{"line":61,"column":9}},"type":"if","locations":[{"start":{"line":59,"column":8},"end":{"line":61,"column":9}},{"start":{},"end":{}}],"line":59},"2":{"loc":{"start":{"line":67,"column":8},"end":{"line":73,"column":9}},"type":"if","locations":[{"start":{"line":67,"column":8},"end":{"line":73,"column":9}},{"start":{},"end":{}}],"line":67},"3":{"loc":{"start":{"line":96,"column":8},"end":{"line":104,"column":9}},"type":"if","locations":[{"start":{"line":96,"column":8},"end":{"line":104,"column":9}},{"start":{},"end":{}}],"line":96},"4":{"loc":{"start":{"line":96,"column":12},"end":{"line":96,"column":27}},"type":"binary-expr","locations":[{"start":{"line":96,"column":12},"end":{"line":96,"column":18}},{"start":{"line":96,"column":22},"end":{"line":96,"column":27}}],"line":96}},"s":{"0":3,"1":0,"2":0,"3":0,"4":0,"5":0,"6":0,"7":0,"8":0,"9":0,"10":0,"11":3,"12":0,"13":0,"14":0,"15":0,"16":0,"17":0,"18":0,"19":0,"20":0,"21":0,"22":0,"23":0,"24":0,"25":0,"26":3,"27":0,"28":0,"29":0,"30":0,"31":0,"32":0,"33":0,"34":0},"f":{"0":0,"1":0,"2":0},"b":{"0":[0,0],"1":[0,0],"2":[0,0],"3":[0,0],"4":[0,0]},"_coverageSchema":"1a1c01bbd47fc00a2c39e90264f33305004495a9","hash":"d58544ed7c6ca08fadd615cb7e31f2f938bb3167"}
,"C:\\Users\\user\\Desktop\\blogManagement\\src\\middleware\\validationMiddleware.ts": {"path":"C:\\Users\\user\\Desktop\\blogManagement\\src\\middleware\\validationMiddleware.ts","statementMap":{"0":{"start":{"line":12,"column":36},"end":{"line":51,"column":5}},"1":{"start":{"line":13,"column":4},"end":{"line":51,"column":5}},"2":{"start":{"line":14,"column":8},"end":{"line":50,"column":9}},"3":{"start":{"line":15,"column":38},"end":{"line":15,"column":47}},"4":{"start":{"line":16,"column":12},"end":{"line":39,"column":13}},"5":{"start":{"line":17,"column":34},"end":{"line":17,"column":89}},"6":{"start":{"line":18,"column":16},"end":{"line":26,"column":17}},"7":{"start":{"line":19,"column":20},"end":{"line":25,"column":23}},"8":{"start":{"line":27,"column":19},"end":{"line":39,"column":13}},"9":{"start":{"line":29,"column":31},"end":{"line":29,"column":86}},"10":{"start":{"line":30,"column":16},"end":{"line":38,"column":17}},"11":{"start":{"line":31,"column":20},"end":{"line":37,"column":23}},"12":{"start":{"line":40,"column":12},"end":{"line":40,"column":19}},"13":{"start":{"line":42,"column":12},"end":{"line":42,"column":52}},"14":{"start":{"line":43,"column":12},"end":{"line":49,"column":15}}},"fnMap":{"0":{"name":"(anonymous_0)","decl":{"start":{"line":12,"column":36},"end":{"line":12,"column":37}},"loc":{"start":{"line":13,"column":4},"end":{"line":51,"column":5}},"line":13},"1":{"name":"(anonymous_1)","decl":{"start":{"line":13,"column":4},"end":{"line":13,"column":5}},"loc":{"start":{"line":13,"column":57},"end":{"line":51,"column":5}},"line":13}},"branchMap":{"0":{"loc":{"start":{"line":16,"column":12},"end":{"line":39,"column":13}},"type":"if","locations":[{"start":{"line":16,"column":12},"end":{"line":39,"column":13}},{"start":{"line":27,"column":19},"end":{"line":39,"column":13}}],"line":16},"1":{"loc":{"start":{"line":18,"column":16},"end":{"line":26,"column":17}},"type":"if","locations":[{"start":{"line":18,"column":16},"end":{"line":26,"column":17}},{"start":{},"end":{}}],"line":18},"2":{"loc":{"start":{"line":27,"column":19},"end":{"line":39,"column":13}},"type":"if","locations":[{"start":{"line":27,"column":19},"end":{"line":39,"column":13}},{"start":{},"end":{}}],"line":27},"3":{"loc":{"start":{"line":30,"column":16},"end":{"line":38,"column":17}},"type":"if","locations":[{"start":{"line":30,"column":16},"end":{"line":38,"column":17}},{"start":{},"end":{}}],"line":30}},"s":{"0":3,"1":27,"2":14,"3":14,"4":14,"5":14,"6":14,"7":2,"8":0,"9":0,"10":0,"11":0,"12":12,"13":0,"14":0},"f":{"0":27,"1":14},"b":{"0":[14,0],"1":[2,12],"2":[0,0],"3":[0,0]},"_coverageSchema":"1a1c01bbd47fc00a2c39e90264f33305004495a9","hash":"74f7333decfa0e92a96f5575ced85b807bcbeade"}
,"C:\\Users\\user\\Desktop\\blogManagement\\src\\routes\\blogRoutes.ts": {"path":"C:\\Users\\user\\Desktop\\blogManagement\\src\\routes\\blogRoutes.ts","statementMap":{"0":{"start":{"line":14,"column":25},"end":{"line":14,"column":42}},"1":{"start":{"line":15,"column":19},"end":{"line":15,"column":27}},"2":{"start":{"line":17,"column":0},"end":{"line":17,"column":54}},"3":{"start":{"line":19,"column":0},"end":{"line":22,"column":2}},"4":{"start":{"line":24,"column":0},"end":{"line":30,"column":2}},"5":{"start":{"line":32,"column":0},"end":{"line":38,"column":2}},"6":{"start":{"line":40,"column":0},"end":{"line":45,"column":2}}},"fnMap":{},"branchMap":{},"s":{"0":3,"1":3,"2":3,"3":3,"4":3,"5":3,"6":3},"f":{},"b":{},"_coverageSchema":"1a1c01bbd47fc00a2c39e90264f33305004495a9","hash":"5b114554c552c7923decbe70c51d9854b5821408"}
,"C:\\Users\\user\\Desktop\\blogManagement\\src\\routes\\commentRoutes.ts": {"path":"C:\\Users\\user\\Desktop\\blogManagement\\src\\routes\\commentRoutes.ts","statementMap":{"0":{"start":{"line":7,"column":22},"end":{"line":7,"column":30}},"1":{"start":{"line":9,"column":0},"end":{"line":14,"column":1}},"2":{"start":{"line":16,"column":0},"end":{"line":16,"column":62}}},"fnMap":{},"branchMap":{},"s":{"0":3,"1":3,"2":3},"f":{},"b":{},"_coverageSchema":"1a1c01bbd47fc00a2c39e90264f33305004495a9","hash":"a73affb5c8b92eb3e276a06e179c1c6d867f433d"}
,"C:\\Users\\user\\Desktop\\blogManagement\\src\\routes\\index.ts": {"path":"C:\\Users\\user\\Desktop\\blogManagement\\src\\routes\\index.ts","statementMap":{"0":{"start":{"line":7,"column":16},"end":{"line":7,"column":24}},"1":{"start":{"line":8,"column":18},"end":{"line":8,"column":57}},"2":{"start":{"line":9,"column":0},"end":{"line":9,"column":34}}},"fnMap":{},"branchMap":{},"s":{"0":3,"1":3,"2":3},"f":{},"b":{},"_coverageSchema":"1a1c01bbd47fc00a2c39e90264f33305004495a9","hash":"c760b5d628f74d9d1d4423a6610d580b2d9afdb5"}
,"C:\\Users\\user\\Desktop\\blogManagement\\src\\routes\\userRoutes.ts": {"path":"C:\\Users\\user\\Desktop\\blogManagement\\src\\routes\\userRoutes.ts","statementMap":{"0":{"start":{"line":12,"column":19},"end":{"line":12,"column":27}},"1":{"start":{"line":14,"column":0},"end":{"line":17,"column":2}},"2":{"start":{"line":19,"column":0},"end":{"line":22,"column":2}},"3":{"start":{"line":24,"column":0},"end":{"line":26,"column":2}},"4":{"start":{"line":28,"column":0},"end":{"line":32,"column":2}},"5":{"start":{"line":34,"column":0},"end":{"line":34,"column":55}}},"fnMap":{},"branchMap":{},"s":{"0":3,"1":3,"2":3,"3":3,"4":3,"5":3},"f":{},"b":{},"_coverageSchema":"1a1c01bbd47fc00a2c39e90264f33305004495a9","hash":"7f313a135cd42f96ce05d957161a8f3c0460cd20"}
,"C:\\Users\\user\\Desktop\\blogManagement\\src\\schemas\\blogSchema.ts": {"path":"C:\\Users\\user\\Desktop\\blogManagement\\src\\schemas\\blogSchema.ts","statementMap":{"0":{"start":{"line":3,"column":29},"end":{"line":8,"column":2}},"1":{"start":{"line":10,"column":32},"end":{"line":15,"column":2}},"2":{"start":{"line":17,"column":32},"end":{"line":19,"column":2}}},"fnMap":{},"branchMap":{},"s":{"0":3,"1":3,"2":3},"f":{},"b":{},"_coverageSchema":"1a1c01bbd47fc00a2c39e90264f33305004495a9","hash":"eceaca9f516a3c9ae002dc551e44e27bc74fbc11"}
,"C:\\Users\\user\\Desktop\\blogManagement\\src\\schemas\\commentSchema.ts": {"path":"C:\\Users\\user\\Desktop\\blogManagement\\src\\schemas\\commentSchema.ts","statementMap":{"0":{"start":{"line":3,"column":32},"end":{"line":5,"column":2}},"1":{"start":{"line":7,"column":35},"end":{"line":9,"column":2}}},"fnMap":{},"branchMap":{},"s":{"0":3,"1":3},"f":{},"b":{},"_coverageSchema":"1a1c01bbd47fc00a2c39e90264f33305004495a9","hash":"d61757eeb5c18a7452aa10b263d6e84e1a75133a"}
,"C:\\Users\\user\\Desktop\\blogManagement\\src\\schemas\\userSchema.ts": {"path":"C:\\Users\\user\\Desktop\\blogManagement\\src\\schemas\\userSchema.ts","statementMap":{"0":{"start":{"line":3,"column":29},"end":{"line":8,"column":2}},"1":{"start":{"line":10,"column":31},"end":{"line":13,"column":2}},"2":{"start":{"line":15,"column":32},"end":{"line":17,"column":2}}},"fnMap":{},"branchMap":{},"s":{"0":3,"1":3,"2":3},"f":{},"b":{},"_coverageSchema":"1a1c01bbd47fc00a2c39e90264f33305004495a9","hash":"65f148fe0cf3ac8c02e7ef08fa17e62b85940ca2"}
,"C:\\Users\\user\\Desktop\\blogManagement\\src\\utils\\helper.ts": {"path":"C:\\Users\\user\\Desktop\\blogManagement\\src\\utils\\helper.ts","statementMap":{"0":{"start":{"line":7,"column":0},"end":{"line":7,"column":8}},"1":{"start":{"line":9,"column":28},"end":{"line":11,"column":1}},"2":{"start":{"line":10,"column":4},"end":{"line":10,"column":103}},"3":{"start":{"line":13,"column":28},"end":{"line":15,"column":1}},"4":{"start":{"line":14,"column":4},"end":{"line":14,"column":43}},"5":{"start":{"line":17,"column":31},"end":{"line":19,"column":1}},"6":{"start":{"line":18,"column":4},"end":{"line":18,"column":48}},"7":{"start":{"line":21,"column":25},"end":{"line":21,"column":68}},"8":{"start":{"line":23,"column":29},"end":{"line":31,"column":1}},"9":{"start":{"line":24,"column":20},"end":{"line":24,"column":39}},"10":{"start":{"line":25,"column":16},"end":{"line":25,"column":24}},"11":{"start":{"line":26,"column":25},"end":{"line":26,"column":44}},"12":{"start":{"line":27,"column":18},"end":{"line":27,"column":73}},"13":{"start":{"line":29,"column":4},"end":{"line":29,"column":80}},"14":{"start":{"line":30,"column":4},"end":{"line":30,"column":17}},"15":{"start":{"line":33,"column":27},"end":{"line":49,"column":1}},"16":{"start":{"line":34,"column":4},"end":{"line":48,"column":5}},"17":{"start":{"line":35,"column":24},"end":{"line":35,"column":59}},"18":{"start":{"line":36,"column":27},"end":{"line":36,"column":64}},"19":{"start":{"line":37,"column":8},"end":{"line":39,"column":9}},"20":{"start":{"line":38,"column":12},"end":{"line":38,"column":80}},"21":{"start":{"line":41,"column":30},"end":{"line":41,"column":67}},"22":{"start":{"line":42,"column":8},"end":{"line":44,"column":9}},"23":{"start":{"line":43,"column":12},"end":{"line":43,"column":58}},"24":{"start":{"line":45,"column":8},"end":{"line":45,"column":23}},"25":{"start":{"line":47,"column":8},"end":{"line":47,"column":65}},"26":{"start":{"line":51,"column":28},"end":{"line":59,"column":1}},"27":{"start":{"line":52,"column":4},"end":{"line":58,"column":5}},"28":{"start":{"line":54,"column":8},"end":{"line":54,"column":70}},"29":{"start":{"line":57,"column":8},"end":{"line":57,"column":64}}},"fnMap":{"0":{"name":"(anonymous_0)","decl":{"start":{"line":9,"column":28},"end":{"line":9,"column":29}},"loc":{"start":{"line":9,"column":55},"end":{"line":11,"column":1}},"line":9},"1":{"name":"(anonymous_1)","decl":{"start":{"line":13,"column":28},"end":{"line":13,"column":29}},"loc":{"start":{"line":13,"column":73},"end":{"line":15,"column":1}},"line":13},"2":{"name":"(anonymous_2)","decl":{"start":{"line":17,"column":31},"end":{"line":17,"column":32}},"loc":{"start":{"line":17,"column":91},"end":{"line":19,"column":1}},"line":17},"3":{"name":"(anonymous_3)","decl":{"start":{"line":23,"column":29},"end":{"line":23,"column":30}},"loc":{"start":{"line":23,"column":120},"end":{"line":31,"column":1}},"line":23},"4":{"name":"(anonymous_4)","decl":{"start":{"line":33,"column":27},"end":{"line":33,"column":28}},"loc":{"start":{"line":33,"column":66},"end":{"line":49,"column":1}},"line":33},"5":{"name":"(anonymous_5)","decl":{"start":{"line":51,"column":28},"end":{"line":51,"column":29}},"loc":{"start":{"line":51,"column":68},"end":{"line":59,"column":1}},"line":51}},"branchMap":{"0":{"loc":{"start":{"line":21,"column":25},"end":{"line":21,"column":68}},"type":"binary-expr","locations":[{"start":{"line":21,"column":25},"end":{"line":21,"column":51}},{"start":{"line":21,"column":55},"end":{"line":21,"column":68}}],"line":21},"1":{"loc":{"start":{"line":37,"column":8},"end":{"line":39,"column":9}},"type":"if","locations":[{"start":{"line":37,"column":8},"end":{"line":39,"column":9}},{"start":{},"end":{}}],"line":37},"2":{"loc":{"start":{"line":42,"column":8},"end":{"line":44,"column":9}},"type":"if","locations":[{"start":{"line":42,"column":8},"end":{"line":44,"column":9}},{"start":{},"end":{}}],"line":42}},"s":{"0":3,"1":3,"2":0,"3":3,"4":1,"5":3,"6":0,"7":3,"8":3,"9":0,"10":0,"11":0,"12":0,"13":0,"14":0,"15":3,"16":5,"17":5,"18":0,"19":0,"20":0,"21":0,"22":0,"23":0,"24":0,"25":5,"26":3,"27":0,"28":0,"29":0},"f":{"0":0,"1":1,"2":0,"3":0,"4":5,"5":0},"b":{"0":[3,0],"1":[0,0],"2":[0,0]},"_coverageSchema":"1a1c01bbd47fc00a2c39e90264f33305004495a9","hash":"a3fb2c7577ea979eb470a99d634bf21059d4f87f"}
,"C:\\Users\\user\\Desktop\\blogManagement\\src\\utils\\passport.ts": {"path":"C:\\Users\\user\\Desktop\\blogManagement\\src\\utils\\passport.ts","statementMap":{"0":{"start":{"line":6,"column":0},"end":{"line":10,"column":21}},"1":{"start":{"line":12,"column":0},"end":{"line":14,"column":3}},"2":{"start":{"line":13,"column":4},"end":{"line":13,"column":24}},"3":{"start":{"line":16,"column":0},"end":{"line":23,"column":3}},"4":{"start":{"line":17,"column":4},"end":{"line":22,"column":5}},"5":{"start":{"line":18,"column":21},"end":{"line":18,"column":44}},"6":{"start":{"line":19,"column":8},"end":{"line":19,"column":25}},"7":{"start":{"line":21,"column":8},"end":{"line":21,"column":26}}},"fnMap":{"0":{"name":"(anonymous_0)","decl":{"start":{"line":12,"column":23},"end":{"line":12,"column":24}},"loc":{"start":{"line":12,"column":44},"end":{"line":14,"column":1}},"line":12},"1":{"name":"(anonymous_1)","decl":{"start":{"line":16,"column":25},"end":{"line":16,"column":26}},"loc":{"start":{"line":16,"column":53},"end":{"line":23,"column":1}},"line":16}},"branchMap":{},"s":{"0":3,"1":3,"2":0,"3":3,"4":0,"5":0,"6":0,"7":0},"f":{"0":0,"1":0},"b":{},"_coverageSchema":"1a1c01bbd47fc00a2c39e90264f33305004495a9","hash":"6f6bec788ba7f01076abe96839b226ece8699d8e"}
,"C:\\Users\\user\\Desktop\\blogManagement\\src\\utils\\redis.ts": {"path":"C:\\Users\\user\\Desktop\\blogManagement\\src\\utils\\redis.ts","statementMap":{"0":{"start":{"line":4,"column":0},"end":{"line":4,"column":9}},"1":{"start":{"line":6,"column":21},"end":{"line":13,"column":2}},"2":{"start":{"line":15,"column":0},"end":{"line":17,"column":3}}},"fnMap":{"0":{"name":"(anonymous_0)","decl":{"start":{"line":15,"column":20},"end":{"line":15,"column":21}},"loc":{"start":{"line":15,"column":26},"end":{"line":17,"column":1}},"line":15}},"branchMap":{"0":{"loc":{"start":{"line":9,"column":23},"end":{"line":9,"column":56}},"type":"binary-expr","locations":[{"start":{"line":9,"column":23},"end":{"line":9,"column":45}},{"start":{"line":9,"column":49},"end":{"line":9,"column":56}}],"line":9},"1":{"loc":{"start":{"line":12,"column":23},"end":{"line":12,"column":56}},"type":"binary-expr","locations":[{"start":{"line":12,"column":23},"end":{"line":12,"column":49}},{"start":{"line":12,"column":53},"end":{"line":12,"column":56}}],"line":12}},"s":{"0":3,"1":3,"2":3},"f":{"0":1},"b":{"0":[3,0],"1":[3,0]},"_coverageSchema":"1a1c01bbd47fc00a2c39e90264f33305004495a9","hash":"aa6d7a9b9193fd17aad00e391e543285c0460749"}
,"C:\\Users\\user\\Desktop\\blogManagement\\src\\utils\\response.ts": {"path":"C:\\Users\\user\\Desktop\\blogManagement\\src\\utils\\response.ts","statementMap":{"0":{"start":{"line":11,"column":31},"end":{"line":26,"column":1}},"1":{"start":{"line":18,"column":4},"end":{"line":20,"column":5}},"2":{"start":{"line":19,"column":8},"end":{"line":19,"column":42}},"3":{"start":{"line":21,"column":4},"end":{"line":25,"column":7}}},"fnMap":{"0":{"name":"(anonymous_0)","decl":{"start":{"line":11,"column":31},"end":{"line":11,"column":32}},"loc":{"start":{"line":17,"column":44},"end":{"line":26,"column":1}},"line":17}},"branchMap":{"0":{"loc":{"start":{"line":13,"column":4},"end":{"line":13,"column":16}},"type":"default-arg","locations":[{"start":{"line":13,"column":13},"end":{"line":13,"column":16}}],"line":13},"1":{"loc":{"start":{"line":18,"column":4},"end":{"line":20,"column":5}},"type":"if","locations":[{"start":{"line":18,"column":4},"end":{"line":20,"column":5}},{"start":{},"end":{}}],"line":18},"2":{"loc":{"start":{"line":18,"column":8},"end":{"line":18,"column":34}},"type":"binary-expr","locations":[{"start":{"line":18,"column":8},"end":{"line":18,"column":22}},{"start":{"line":18,"column":26},"end":{"line":18,"column":34}}],"line":18}},"s":{"0":3,"1":19,"2":1,"3":19},"f":{"0":19},"b":{"0":[0],"1":[1,18],"2":[19,1]},"_coverageSchema":"1a1c01bbd47fc00a2c39e90264f33305004495a9","hash":"7130b4b7db222ee41d4b1fe3a65fe90c0ff3380a"}
,"C:\\Users\\user\\Desktop\\blogManagement\\src\\utils\\upload.ts": {"path":"C:\\Users\\user\\Desktop\\blogManagement\\src\\utils\\upload.ts","statementMap":{"0":{"start":{"line":7,"column":0},"end":{"line":7,"column":9}},"1":{"start":{"line":9,"column":27},"end":{"line":9,"column":57}},"2":{"start":{"line":10,"column":30},"end":{"line":10,"column":63}},"3":{"start":{"line":11,"column":34},"end":{"line":11,"column":67}},"4":{"start":{"line":13,"column":0},"end":{"line":18,"column":3}},"5":{"start":{"line":20,"column":26},"end":{"line":56,"column":1}},"6":{"start":{"line":21,"column":2},"end":{"line":55,"column":5}},"7":{"start":{"line":22,"column":4},"end":{"line":26,"column":5}},"8":{"start":{"line":23,"column":6},"end":{"line":23,"column":51}},"9":{"start":{"line":24,"column":6},"end":{"line":24,"column":55}},"10":{"start":{"line":25,"column":6},"end":{"line":25,"column":13}},"11":{"start":{"line":28,"column":21},"end":{"line":28,"column":30}},"12":{"start":{"line":30,"column":4},"end":{"line":33,"column":5}},"13":{"start":{"line":31,"column":6},"end":{"line":31,"column":51}},"14":{"start":{"line":32,"column":6},"end":{"line":32,"column":13}},"15":{"start":{"line":35,"column":4},"end":{"line":54,"column":6}},"16":{"start":{"line":43,"column":8},"end":{"line":47,"column":9}},"17":{"start":{"line":44,"column":10},"end":{"line":44,"column":59}},"18":{"start":{"line":45,"column":10},"end":{"line":45,"column":24}},"19":{"start":{"line":46,"column":10},"end":{"line":46,"column":17}},"20":{"start":{"line":48,"column":8},"end":{"line":51,"column":9}},"21":{"start":{"line":49,"column":10},"end":{"line":49,"column":70}},"22":{"start":{"line":50,"column":10},"end":{"line":50,"column":17}},"23":{"start":{"line":52,"column":8},"end":{"line":52,"column":35}},"24":{"start":{"line":58,"column":23},"end":{"line":71,"column":1}},"25":{"start":{"line":59,"column":11},"end":{"line":59,"column":13}},"26":{"start":{"line":60,"column":2},"end":{"line":69,"column":3}},"27":{"start":{"line":62,"column":6},"end":{"line":62,"column":17}},"28":{"start":{"line":63,"column":6},"end":{"line":63,"column":12}},"29":{"start":{"line":65,"column":6},"end":{"line":65,"column":17}},"30":{"start":{"line":66,"column":6},"end":{"line":66,"column":12}},"31":{"start":{"line":68,"column":6},"end":{"line":68,"column":17}},"32":{"start":{"line":70,"column":2},"end":{"line":70,"column":12}},"33":{"start":{"line":72,"column":25},"end":{"line":75,"column":1}},"34":{"start":{"line":73,"column":23},"end":{"line":73,"column":73}},"35":{"start":{"line":74,"column":2},"end":{"line":74,"column":51}},"36":{"start":{"line":77,"column":23},"end":{"line":82,"column":2}},"37":{"start":{"line":79,"column":4},"end":{"line":79,"column":25}},"38":{"start":{"line":88,"column":28},"end":{"line":98,"column":1}},"39":{"start":{"line":89,"column":23},"end":{"line":89,"column":33}},"40":{"start":{"line":90,"column":15},"end":{"line":90,"column":59}},"41":{"start":{"line":91,"column":2},"end":{"line":97,"column":5}},"42":{"start":{"line":92,"column":4},"end":{"line":95,"column":5}},"43":{"start":{"line":93,"column":6},"end":{"line":93,"column":25}},"44":{"start":{"line":94,"column":6},"end":{"line":94,"column":22}},"45":{"start":{"line":96,"column":4},"end":{"line":96,"column":21}}},"fnMap":{"0":{"name":"(anonymous_0)","decl":{"start":{"line":20,"column":26},"end":{"line":20,"column":27}},"loc":{"start":{"line":20,"column":74},"end":{"line":56,"column":1}},"line":20},"1":{"name":"(anonymous_1)","decl":{"start":{"line":21,"column":21},"end":{"line":21,"column":22}},"loc":{"start":{"line":21,"column":42},"end":{"line":55,"column":3}},"line":21},"2":{"name":"(anonymous_2)","decl":{"start":{"line":42,"column":6},"end":{"line":42,"column":7}},"loc":{"start":{"line":42,"column":25},"end":{"line":53,"column":7}},"line":42},"3":{"name":"(anonymous_3)","decl":{"start":{"line":58,"column":23},"end":{"line":58,"column":24}},"loc":{"start":{"line":58,"column":40},"end":{"line":71,"column":1}},"line":58},"4":{"name":"(anonymous_4)","decl":{"start":{"line":72,"column":25},"end":{"line":72,"column":26}},"loc":{"start":{"line":72,"column":59},"end":{"line":75,"column":1}},"line":72},"5":{"name":"(anonymous_5)","decl":{"start":{"line":78,"column":15},"end":{"line":78,"column":16}},"loc":{"start":{"line":78,"column":34},"end":{"line":80,"column":3}},"line":78},"6":{"name":"(anonymous_6)","decl":{"start":{"line":88,"column":28},"end":{"line":88,"column":29}},"loc":{"start":{"line":88,"column":67},"end":{"line":98,"column":1}},"line":88},"7":{"name":"(anonymous_7)","decl":{"start":{"line":91,"column":17},"end":{"line":91,"column":18}},"loc":{"start":{"line":91,"column":36},"end":{"line":97,"column":3}},"line":91}},"branchMap":{"0":{"loc":{"start":{"line":22,"column":4},"end":{"line":26,"column":5}},"type":"if","locations":[{"start":{"line":22,"column":4},"end":{"line":26,"column":5}},{"start":{},"end":{}}],"line":22},"1":{"loc":{"start":{"line":30,"column":4},"end":{"line":33,"column":5}},"type":"if","locations":[{"start":{"line":30,"column":4},"end":{"line":33,"column":5}},{"start":{},"end":{}}],"line":30},"2":{"loc":{"start":{"line":43,"column":8},"end":{"line":47,"column":9}},"type":"if","locations":[{"start":{"line":43,"column":8},"end":{"line":47,"column":9}},{"start":{},"end":{}}],"line":43},"3":{"loc":{"start":{"line":48,"column":8},"end":{"line":51,"column":9}},"type":"if","locations":[{"start":{"line":48,"column":8},"end":{"line":51,"column":9}},{"start":{},"end":{}}],"line":48},"4":{"loc":{"start":{"line":60,"column":2},"end":{"line":69,"column":3}},"type":"switch","locations":[{"start":{"line":61,"column":4},"end":{"line":63,"column":12}},{"start":{"line":64,"column":4},"end":{"line":66,"column":12}},{"start":{"line":67,"column":4},"end":{"line":68,"column":17}}],"line":60},"5":{"loc":{"start":{"line":92,"column":4},"end":{"line":95,"column":5}},"type":"if","locations":[{"start":{"line":92,"column":4},"end":{"line":95,"column":5}},{"start":{},"end":{}}],"line":92}},"s":{"0":3,"1":3,"2":3,"3":3,"4":3,"5":3,"6":0,"7":0,"8":0,"9":0,"10":0,"11":0,"12":0,"13":0,"14":0,"15":0,"16":0,"17":0,"18":0,"19":0,"20":0,"21":0,"22":0,"23":0,"24":3,"25":0,"26":0,"27":0,"28":0,"29":0,"30":0,"31":0,"32":0,"33":3,"34":0,"35":0,"36":3,"37":0,"38":3,"39":0,"40":0,"41":0,"42":0,"43":0,"44":0,"45":0},"f":{"0":0,"1":0,"2":0,"3":0,"4":0,"5":0,"6":0,"7":0},"b":{"0":[0,0],"1":[0,0],"2":[0,0],"3":[0,0],"4":[0,0,0],"5":[0,0]},"_coverageSchema":"1a1c01bbd47fc00a2c39e90264f33305004495a9","hash":"5b0690749110668e601772b53a57fc6f6a1e5350"}
}
