TN:
SF:src\server.ts
FN:30,(anonymous_0)
FN:42,(anonymous_1)
FN:43,(anonymous_2)
FN:46,(anonymous_3)
FNF:4
FNH:3
FNDA:2,(anonymous_0)
FNDA:2,(anonymous_1)
FNDA:2,(anonymous_2)
FNDA:0,(anonymous_3)
DA:11,2
DA:13,2
DA:16,2
DA:18,2
DA:23,2
DA:25,2
DA:27,2
DA:30,2
DA:31,2
DA:38,2
DA:40,2
DA:42,2
DA:43,2
DA:44,2
DA:47,0
LF:15
LH:14
BRDA:38,0,0,2
BRDA:38,0,1,0
BRF:2
BRH:1
end_of_record
TN:
SF:src\config\config.js
FN:3,(anonymous_0)
FN:11,(anonymous_1)
FNF:2
FNH:2
FNDA:4,(anonymous_0)
FNDA:4,(anonymous_1)
DA:1,2
DA:2,2
DA:3,2
DA:4,4
DA:5,4
DA:6,0
DA:8,4
DA:11,2
DA:12,4
DA:14,4
DA:25,2
LF:11
LH:10
BRDA:5,0,0,0
BRDA:5,0,1,4
BRDA:15,1,0,4
BRDA:15,1,1,0
BRDA:16,2,0,4
BRDA:16,2,1,0
BRDA:17,3,0,4
BRDA:17,3,1,0
BRDA:18,4,0,4
BRDA:18,4,1,0
BRDA:19,5,0,4
BRDA:19,5,1,0
BRF:12
BRH:6
end_of_record
TN:
SF:src\controller\blogController.ts
FN:14,(anonymous_0)
FN:80,(anonymous_1)
FN:145,(anonymous_2)
FN:213,(anonymous_3)
FN:251,(anonymous_4)
FNF:5
FNH:0
FNDA:0,(anonymous_0)
FNDA:0,(anonymous_1)
FNDA:0,(anonymous_2)
FNDA:0,(anonymous_3)
FNDA:0,(anonymous_4)
DA:14,2
DA:15,0
DA:17,0
DA:50,0
DA:51,0
DA:60,0
DA:68,0
DA:69,0
DA:71,0
DA:80,2
DA:81,0
DA:82,0
DA:115,0
DA:116,0
DA:125,0
DA:133,0
DA:134,0
DA:136,0
DA:145,2
DA:146,0
DA:147,0
DA:149,0
DA:150,0
DA:152,0
DA:154,0
DA:156,0
DA:157,0
DA:158,0
DA:160,0
DA:161,0
DA:162,0
DA:170,0
DA:171,0
DA:172,0
DA:173,0
DA:182,0
DA:192,0
DA:201,0
DA:202,0
DA:204,0
DA:213,2
DA:214,0
DA:215,0
DA:219,0
DA:220,0
DA:229,0
DA:231,0
DA:239,0
DA:240,0
DA:242,0
DA:251,2
DA:252,0
DA:253,0
DA:255,0
DA:256,0
DA:265,0
DA:269,0
DA:277,0
DA:278,0
DA:280,0
LF:60
LH:5
BRDA:50,0,0,0
BRDA:50,0,1,0
BRDA:50,1,0,0
BRDA:50,1,1,0
BRDA:115,2,0,0
BRDA:115,2,1,0
BRDA:156,3,0,0
BRDA:156,3,1,0
BRDA:172,4,0,0
BRDA:172,4,1,0
BRDA:219,5,0,0
BRDA:219,5,1,0
BRDA:255,6,0,0
BRDA:255,6,1,0
BRF:14
BRH:0
end_of_record
TN:
SF:src\controller\commentController.ts
FN:11,(anonymous_0)
FN:44,(anonymous_1)
FNF:2
FNH:0
FNDA:0,(anonymous_0)
FNDA:0,(anonymous_1)
DA:11,2
DA:12,0
DA:13,0
DA:15,0
DA:16,0
DA:25,0
DA:34,0
DA:35,0
DA:44,2
DA:45,0
DA:46,0
DA:47,0
DA:48,0
DA:49,0
DA:51,0
DA:52,0
DA:53,0
DA:62,0
DA:63,0
DA:72,0
DA:79,0
DA:87,0
DA:88,0
DA:89,0
LF:24
LH:2
BRDA:15,0,0,0
BRDA:15,0,1,0
BRDA:15,1,0,0
BRDA:15,1,1,0
BRDA:52,2,0,0
BRDA:52,2,1,0
BRDA:62,3,0,0
BRDA:62,3,1,0
BRF:8
BRH:0
end_of_record
TN:
SF:src\controller\userController.ts
FN:18,(anonymous_0)
FN:59,(anonymous_1)
FN:108,(anonymous_2)
FNF:3
FNH:2
FNDA:2,(anonymous_0)
FNDA:7,(anonymous_1)
FNDA:0,(anonymous_2)
DA:18,2
DA:19,2
DA:20,2
DA:22,2
DA:23,2
DA:24,1
DA:33,1
DA:39,1
DA:47,0
DA:48,0
DA:50,0
DA:59,2
DA:60,7
DA:61,7
DA:64,7
DA:65,6
DA:66,6
DA:75,0
DA:76,0
DA:77,0
DA:86,0
DA:88,0
DA:96,1
DA:97,1
DA:99,1
DA:108,2
DA:109,0
DA:110,0
DA:112,0
DA:113,0
DA:121,0
DA:123,0
DA:131,0
DA:132,0
LF:34
LH:18
BRDA:23,0,0,1
BRDA:23,0,1,1
BRDA:65,1,0,6
BRDA:65,1,1,0
BRDA:76,2,0,0
BRDA:76,2,1,0
BRDA:112,3,0,0
BRDA:112,3,1,0
BRF:8
BRH:3
end_of_record
TN:
SF:src\database\index.ts
FN:12,(anonymous_0)
FN:19,(anonymous_1)
FNF:2
FNH:2
FNDA:2,(anonymous_0)
FNDA:2,(anonymous_1)
DA:12,2
DA:13,2
DA:14,2
DA:19,2
DA:20,2
DA:22,2
DA:26,2
DA:27,2
DA:35,2
DA:36,2
DA:37,2
DA:38,2
DA:40,2
LF:13
LH:13
BRDA:35,0,0,2
BRDA:35,0,1,0
BRDA:36,1,0,2
BRDA:36,1,1,0
BRDA:37,2,0,2
BRDA:37,2,1,0
BRDA:38,3,0,2
BRDA:38,3,1,0
BRF:8
BRH:4
end_of_record
TN:
SF:src\database\models\Blog.ts
FN:41,(anonymous_0)
FN:58,(anonymous_1)
FN:64,(anonymous_2)
FNF:3
FNH:2
FNDA:2,(anonymous_0)
FNDA:0,(anonymous_1)
FNDA:2,(anonymous_2)
DA:42,2
DA:47,2
DA:52,2
DA:59,0
DA:60,0
DA:64,2
DA:65,2
DA:112,2
LF:8
LH:6
BRF:0
BRH:0
end_of_record
TN:
SF:src\database\models\Comment.ts
FN:26,(anonymous_0)
FN:38,(anonymous_1)
FN:44,(anonymous_2)
FNF:3
FNH:2
FNDA:2,(anonymous_0)
FNDA:0,(anonymous_1)
FNDA:2,(anonymous_2)
DA:27,2
DA:32,2
DA:39,0
DA:40,0
DA:44,2
DA:45,2
DA:79,2
LF:7
LH:5
BRF:0
BRH:0
end_of_record
TN:
SF:src\database\models\Like.ts
FN:22,(anonymous_0)
FN:34,(anonymous_1)
FN:40,(anonymous_2)
FNF:3
FNH:2
FNDA:2,(anonymous_0)
FNDA:0,(anonymous_1)
FNDA:2,(anonymous_2)
DA:23,2
DA:28,2
DA:35,0
DA:36,0
DA:40,2
DA:41,2
DA:77,2
LF:7
LH:5
BRF:0
BRH:0
end_of_record
TN:
SF:src\database\models\User.ts
FN:43,(anonymous_0)
FN:60,(anonymous_1)
FN:74,(anonymous_2)
FNF:3
FNH:3
FNDA:2,(anonymous_0)
FNDA:1,(anonymous_1)
FNDA:2,(anonymous_2)
DA:36,2
DA:37,2
DA:44,2
DA:49,2
DA:54,2
DA:61,1
DA:74,2
DA:75,2
DA:125,2
LF:9
LH:9
BRF:0
BRH:0
end_of_record
TN:
SF:src\database\models\index.ts
FN:12,(anonymous_0)
FNF:1
FNH:1
FNDA:2,(anonymous_0)
DA:12,2
DA:13,2
LF:2
LH:2
BRF:0
BRH:0
end_of_record
TN:
SF:src\middleware\authMiddleware.ts
FN:18,(anonymous_0)
FN:58,(anonymous_1)
FN:59,(anonymous_2)
FNF:3
FNH:1
FNDA:0,(anonymous_0)
FNDA:6,(anonymous_1)
FNDA:0,(anonymous_2)
DA:18,2
DA:19,0
DA:20,0
DA:21,0
DA:22,0
DA:31,0
DA:32,0
DA:33,0
DA:42,0
DA:43,0
DA:44,0
DA:47,0
DA:48,0
DA:58,2
DA:59,6
DA:60,0
DA:61,0
DA:63,0
DA:64,0
DA:73,0
DA:75,0
DA:76,0
LF:22
LH:3
BRDA:21,0,0,0
BRDA:21,0,1,0
BRDA:32,1,0,0
BRDA:32,1,1,0
BRDA:63,2,0,0
BRDA:63,2,1,0
BRDA:63,3,0,0
BRDA:63,3,1,0
BRF:8
BRH:0
end_of_record
TN:
SF:src\middleware\outhMiddleware.ts
FN:11,(anonymous_0)
FN:53,(anonymous_1)
FN:91,(anonymous_2)
FNF:3
FNH:0
FNDA:0,(anonymous_0)
FNDA:0,(anonymous_1)
FNDA:0,(anonymous_2)
DA:11,2
DA:12,0
DA:13,0
DA:15,0
DA:16,0
DA:25,0
DA:31,0
DA:32,0
DA:41,0
DA:43,0
DA:44,0
DA:53,2
DA:54,0
DA:55,0
DA:59,0
DA:60,0
DA:63,0
DA:67,0
DA:68,0
DA:69,0
DA:70,0
DA:71,0
DA:72,0
DA:75,0
DA:85,0
DA:87,0
DA:91,2
DA:92,0
DA:93,0
DA:94,0
DA:96,0
DA:97,0
DA:106,0
DA:114,0
DA:115,0
LF:35
LH:3
BRDA:15,0,0,0
BRDA:15,0,1,0
BRDA:59,1,0,0
BRDA:59,1,1,0
BRDA:67,2,0,0
BRDA:67,2,1,0
BRDA:96,3,0,0
BRDA:96,3,1,0
BRDA:96,4,0,0
BRDA:96,4,1,0
BRF:10
BRH:0
end_of_record
TN:
SF:src\middleware\validationMiddleware.ts
FN:12,(anonymous_0)
FN:13,(anonymous_1)
FNF:2
FNH:2
FNDA:18,(anonymous_0)
FNDA:10,(anonymous_1)
DA:12,2
DA:13,18
DA:14,10
DA:15,10
DA:16,10
DA:17,10
DA:18,10
DA:19,1
DA:27,0
DA:29,0
DA:30,0
DA:31,0
DA:40,9
DA:42,0
DA:43,0
LF:15
LH:9
BRDA:16,0,0,10
BRDA:16,0,1,0
BRDA:18,1,0,1
BRDA:18,1,1,9
BRDA:27,2,0,0
BRDA:27,2,1,0
BRDA:30,3,0,0
BRDA:30,3,1,0
BRF:8
BRH:3
end_of_record
TN:
SF:src\routes\blogRoutes.ts
FNF:0
FNH:0
DA:14,2
DA:15,2
DA:17,2
DA:19,2
DA:24,2
DA:32,2
DA:40,2
LF:7
LH:7
BRF:0
BRH:0
end_of_record
TN:
SF:src\routes\commentRoutes.ts
FNF:0
FNH:0
DA:7,2
DA:9,2
DA:16,2
LF:3
LH:3
BRF:0
BRH:0
end_of_record
TN:
SF:src\routes\index.ts
FNF:0
FNH:0
DA:7,2
DA:8,2
DA:9,2
LF:3
LH:3
BRF:0
BRH:0
end_of_record
TN:
SF:src\routes\userRoutes.ts
FNF:0
FNH:0
DA:12,2
DA:14,2
DA:19,2
DA:24,2
DA:28,2
DA:34,2
LF:6
LH:6
BRF:0
BRH:0
end_of_record
TN:
SF:src\schemas\blogSchema.ts
FNF:0
FNH:0
DA:3,2
DA:10,2
DA:17,2
LF:3
LH:3
BRF:0
BRH:0
end_of_record
TN:
SF:src\schemas\commentSchema.ts
FNF:0
FNH:0
DA:3,2
DA:7,2
LF:2
LH:2
BRF:0
BRH:0
end_of_record
TN:
SF:src\schemas\userSchema.ts
FNF:0
FNH:0
DA:3,2
DA:10,2
DA:15,2
LF:3
LH:3
BRF:0
BRH:0
end_of_record
TN:
SF:src\utils\helper.ts
FN:9,(anonymous_0)
FN:13,(anonymous_1)
FN:17,(anonymous_2)
FN:23,(anonymous_3)
FN:33,(anonymous_4)
FN:51,(anonymous_5)
FNF:6
FNH:1
FNDA:0,(anonymous_0)
FNDA:1,(anonymous_1)
FNDA:0,(anonymous_2)
FNDA:0,(anonymous_3)
FNDA:0,(anonymous_4)
FNDA:0,(anonymous_5)
DA:7,2
DA:9,2
DA:10,0
DA:13,2
DA:14,1
DA:17,2
DA:18,0
DA:21,2
DA:23,2
DA:24,0
DA:25,0
DA:26,0
DA:27,0
DA:29,0
DA:30,0
DA:33,2
DA:34,0
DA:35,0
DA:36,0
DA:37,0
DA:38,0
DA:41,0
DA:42,0
DA:43,0
DA:45,0
DA:47,0
DA:51,2
DA:52,0
DA:54,0
DA:57,0
LF:30
LH:9
BRDA:21,0,0,2
BRDA:21,0,1,0
BRDA:37,1,0,0
BRDA:37,1,1,0
BRDA:42,2,0,0
BRDA:42,2,1,0
BRF:6
BRH:1
end_of_record
TN:
SF:src\utils\passport.ts
FN:12,(anonymous_0)
FN:16,(anonymous_1)
FNF:2
FNH:0
FNDA:0,(anonymous_0)
FNDA:0,(anonymous_1)
DA:6,2
DA:12,2
DA:13,0
DA:16,2
DA:17,0
DA:18,0
DA:19,0
DA:21,0
LF:8
LH:3
BRF:0
BRH:0
end_of_record
TN:
SF:src\utils\redis.ts
FN:15,(anonymous_0)
FNF:1
FNH:0
FNDA:0,(anonymous_0)
DA:4,2
DA:6,2
DA:15,2
LF:3
LH:3
BRDA:9,0,0,2
BRDA:9,0,1,0
BRDA:12,1,0,2
BRDA:12,1,1,0
BRF:4
BRH:2
end_of_record
TN:
SF:src\utils\response.ts
FN:11,(anonymous_0)
FNF:1
FNH:1
FNDA:10,(anonymous_0)
DA:11,2
DA:18,10
DA:19,1
DA:21,10
LF:4
LH:4
BRDA:13,0,0,0
BRDA:18,1,0,1
BRDA:18,1,1,9
BRDA:18,2,0,10
BRDA:18,2,1,1
BRF:5
BRH:4
end_of_record
TN:
SF:src\utils\upload.ts
FN:20,(anonymous_0)
FN:21,(anonymous_1)
FN:42,(anonymous_2)
FN:58,(anonymous_3)
FN:72,(anonymous_4)
FN:78,(anonymous_5)
FN:88,(anonymous_6)
FN:91,(anonymous_7)
FNF:8
FNH:0
FNDA:0,(anonymous_0)
FNDA:0,(anonymous_1)
FNDA:0,(anonymous_2)
FNDA:0,(anonymous_3)
FNDA:0,(anonymous_4)
FNDA:0,(anonymous_5)
FNDA:0,(anonymous_6)
FNDA:0,(anonymous_7)
DA:7,2
DA:9,2
DA:10,2
DA:11,2
DA:13,2
DA:20,2
DA:21,0
DA:22,0
DA:23,0
DA:24,0
DA:25,0
DA:28,0
DA:30,0
DA:31,0
DA:32,0
DA:35,0
DA:43,0
DA:44,0
DA:45,0
DA:46,0
DA:48,0
DA:49,0
DA:50,0
DA:52,0
DA:58,2
DA:59,0
DA:60,0
DA:62,0
DA:63,0
DA:65,0
DA:66,0
DA:68,0
DA:70,0
DA:72,2
DA:73,0
DA:74,0
DA:77,2
DA:79,0
DA:88,2
DA:89,0
DA:90,0
DA:91,0
DA:92,0
DA:93,0
DA:94,0
DA:96,0
LF:46
LH:10
BRDA:22,0,0,0
BRDA:22,0,1,0
BRDA:30,1,0,0
BRDA:30,1,1,0
BRDA:43,2,0,0
BRDA:43,2,1,0
BRDA:48,3,0,0
BRDA:48,3,1,0
BRDA:60,4,0,0
BRDA:60,4,1,0
BRDA:60,4,2,0
BRDA:92,5,0,0
BRDA:92,5,1,0
BRF:13
BRH:0
end_of_record
